# JRE version: OpenJDK Runtime Environment Temurin-21.0.9+10 (21.0.9+10) (build 21.0.9+10-LTS)
# Java VM: OpenJDK 64-Bit Server VM Temurin-21.0.9+10 (21.0.9+10-LTS, mixed mode, sharing, tiered, compressed oops, compressed class ptrs, parallel gc, windows-amd64)
GC Precious Log:
 CardTable entry size: 512
 CPUs: 8 total, 8 available
 Memory: 32688M
 Large Page Support: Disabled
 NUMA Support: Disabled
 Compressed Oops: Enabled (32-bit)
 Alignments: Space 512K, Generation 512K, Heap 2M
 Heap Min Capacity: 100M
 Heap Initial Capacity: 100M
 Heap Max Capacity: 2G
 Pre-touch: Disabled
 Parallel Workers: 8
Heap:
 PSYoungGen      total 5632K, used 5301K [0x00000000d5580000, 0x00000000d5f00000, 0x0000000100000000)
  eden space 5120K, 93% used [0x00000000d5580000,0x00000000d5a2d560,0x00000000d5a80000)
  from space 512K, 100% used [0x00000000d5e80000,0x00000000d5f00000,0x00000000d5f00000)
  to   space 1024K, 0% used [0x00000000d5d00000,0x00000000d5d00000,0x00000000d5e00000)
 ParOldGen       total 253952K, used 237041K [0x0000000080000000, 0x000000008f800000, 0x00000000d5580000)
  object space 253952K, 93% used [0x0000000080000000,0x000000008e77c4f8,0x000000008f800000)
 Metaspace       used 80874K, committed 82496K, reserved 1179648K
  class space    used 8294K, committed 9024K, reserved 1048576K
GC Heap History (20 events):
Event: 198334.878 GC heap before
{Heap before GC invocations=549 (full 4):
 PSYoungGen      total 4096K, used 3860K [0x00000000d5580000, 0x00000000d5c00000, 0x0000000100000000)
  eden space 2560K, 100% used [0x00000000d5580000,0x00000000d5800000,0x00000000d5800000)
  from space 1536K, 84% used [0x00000000d5a80000,0x00000000d5bc5200,0x00000000d5c00000)
  to   space 2048K, 0% used [0x00000000d5800000,0x00000000d5800000,0x00000000d5a00000)
 ParOldGen       total 253952K, used 225863K [0x0000000080000000, 0x000000008f800000, 0x00000000d5580000)
  object space 253952K, 88% used [0x0000000080000000,0x000000008dc91ce8,0x000000008f800000)
 Metaspace       used 80759K, committed 82368K, reserved 1179648K
  class space    used 8290K, committed 9024K, reserved 1048576K
}
Event: 198334.893 GC heap after
{Heap after GC invocations=549 (full 4):
 PSYoungGen      total 4608K, used 416K [0x00000000d5580000, 0x00000000d5b00000, 0x0000000100000000)
  eden space 2560K, 0% used [0x00000000d5580000,0x00000000d5580000,0x00000000d5800000)
  from space 2048K, 20% used [0x00000000d5800000,0x00000000d5868000,0x00000000d5a00000)
  to   space 1024K, 0% used [0x00000000d5a00000,0x00000000d5a00000,0x00000000d5b00000)
 ParOldGen       total 253952K, used 227095K [0x0000000080000000, 0x000000008f800000, 0x00000000d5580000)
  object space 253952K, 89% used [0x0000000080000000,0x000000008ddc5e98,0x000000008f800000)
 Metaspace       used 80759K, committed 82368K, reserved 1179648K
  class space    used 8290K, committed 9024K, reserved 1048576K
}
Event: 198334.948 GC heap before
{Heap before GC invocations=550 (full 4):
 PSYoungGen      total 4608K, used 2976K [0x00000000d5580000, 0x00000000d5b00000, 0x0000000100000000)
  eden space 2560K, 100% used [0x00000000d5580000,0x00000000d5800000,0x00000000d5800000)
  from space 2048K, 20% used [0x00000000d5800000,0x00000000d5868000,0x00000000d5a00000)
  to   space 1024K, 0% used [0x00000000d5a00000,0x00000000d5a00000,0x00000000d5b00000)
 ParOldGen       total 253952K, used 227095K [0x0000000080000000, 0x000000008f800000, 0x00000000d5580000)
  object space 253952K, 89% used [0x0000000080000000,0x000000008ddc5e98,0x000000008f800000)
 Metaspace       used 80763K, committed 82368K, reserved 1179648K
  class space    used 8290K, committed 9024K, reserved 1048576K
}
Event: 198334.962 GC heap after
{Heap after GC invocations=550 (full 4):
 PSYoungGen      total 3584K, used 512K [0x00000000d5580000, 0x00000000d5a80000, 0x0000000100000000)
  eden space 3072K, 0% used [0x00000000d5580000,0x00000000d5580000,0x00000000d5880000)
  from space 512K, 100% used [0x00000000d5a00000,0x00000000d5a80000,0x00000000d5a80000)
  to   space 1024K, 0% used [0x00000000d5880000,0x00000000d5880000,0x00000000d5980000)
 ParOldGen       total 253952K, used 227423K [0x0000000080000000, 0x000000008f800000, 0x00000000d5580000)
  object space 253952K, 89% used [0x0000000080000000,0x000000008de17eb8,0x000000008f800000)
 Metaspace       used 80763K, committed 82368K, reserved 1179648K
  class space    used 8290K, committed 9024K, reserved 1048576K
}
Event: 198335.019 GC heap before
{Heap before GC invocations=551 (full 4):
 PSYoungGen      total 3584K, used 3584K [0x00000000d5580000, 0x00000000d5a80000, 0x0000000100000000)
  eden space 3072K, 100% used [0x00000000d5580000,0x00000000d5880000,0x00000000d5880000)
  from space 512K, 100% used [0x00000000d5a00000,0x00000000d5a80000,0x00000000d5a80000)
  to   space 1024K, 0% used [0x00000000d5880000,0x00000000d5880000,0x00000000d5980000)
 ParOldGen       total 253952K, used 227423K [0x0000000080000000, 0x000000008f800000, 0x00000000d5580000)
  object space 253952K, 89% used [0x0000000080000000,0x000000008de17eb8,0x000000008f800000)
 Metaspace       used 80773K, committed 82368K, reserved 1179648K
  class space    used 8290K, committed 9024K, reserved 1048576K
}
Event: 198335.025 GC heap after
{Heap after GC invocations=551 (full 4):
 PSYoungGen      total 4096K, used 608K [0x00000000d5580000, 0x00000000d5b80000, 0x0000000100000000)
  eden space 3072K, 0% used [0x00000000d5580000,0x00000000d5580000,0x00000000d5880000)
  from space 1024K, 59% used [0x00000000d5880000,0x00000000d5918000,0x00000000d5980000)
  to   space 1024K, 0% used [0x00000000d5a80000,0x00000000d5a80000,0x00000000d5b80000)
 ParOldGen       total 253952K, used 227817K [0x0000000080000000, 0x000000008f800000, 0x00000000d5580000)
  object space 253952K, 89% used [0x0000000080000000,0x000000008de7a430,0x000000008f800000)
 Metaspace       used 80773K, committed 82368K, reserved 1179648K
  class space    used 8290K, committed 9024K, reserved 1048576K
}
Event: 198335.081 GC heap before
{Heap before GC invocations=552 (full 4):
 PSYoungGen      total 4096K, used 3680K [0x00000000d5580000, 0x00000000d5b80000, 0x0000000100000000)
  eden space 3072K, 100% used [0x00000000d5580000,0x00000000d5880000,0x00000000d5880000)
  from space 1024K, 59% used [0x00000000d5880000,0x00000000d5918000,0x00000000d5980000)
  to   space 1024K, 0% used [0x00000000d5a80000,0x00000000d5a80000,0x00000000d5b80000)
 ParOldGen       total 253952K, used 227817K [0x0000000080000000, 0x000000008f800000, 0x00000000d5580000)
  object space 253952K, 89% used [0x0000000080000000,0x000000008de7a430,0x000000008f800000)
 Metaspace       used 80791K, committed 82432K, reserved 1179648K
  class space    used 8290K, committed 9024K, reserved 1048576K
}
Event: 198335.087 GC heap after
{Heap after GC invocations=552 (full 4):
 PSYoungGen      total 4608K, used 384K [0x00000000d5580000, 0x00000000d5b00000, 0x0000000100000000)
  eden space 4096K, 0% used [0x00000000d5580000,0x00000000d5580000,0x00000000d5980000)
  from space 512K, 75% used [0x00000000d5a80000,0x00000000d5ae0000,0x00000000d5b00000)
  to   space 512K, 0% used [0x00000000d5a00000,0x00000000d5a00000,0x00000000d5a80000)
 ParOldGen       total 253952K, used 228305K [0x0000000080000000, 0x000000008f800000, 0x00000000d5580000)
  object space 253952K, 89% used [0x0000000080000000,0x000000008def4590,0x000000008f800000)
 Metaspace       used 80791K, committed 82432K, reserved 1179648K
  class space    used 8290K, committed 9024K, reserved 1048576K
}
Event: 198335.293 GC heap before
{Heap before GC invocations=553 (full 4):
 PSYoungGen      total 4608K, used 4480K [0x00000000d5580000, 0x00000000d5b00000, 0x0000000100000000)
  eden space 4096K, 100% used [0x00000000d5580000,0x00000000d5980000,0x00000000d5980000)
  from space 512K, 75% used [0x00000000d5a80000,0x00000000d5ae0000,0x00000000d5b00000)
  to   space 512K, 0% used [0x00000000d5a00000,0x00000000d5a00000,0x00000000d5a80000)
 ParOldGen       total 253952K, used 228305K [0x0000000080000000, 0x000000008f800000, 0x00000000d5580000)
  object space 253952K, 89% used [0x0000000080000000,0x000000008def4590,0x000000008f800000)
 Metaspace       used 80808K, committed 82432K, reserved 1179648K
  class space    used 8290K, committed 9024K, reserved 1048576K
}
Event: 198335.325 GC heap after
{Heap after GC invocations=553 (full 4):
 PSYoungGen      total 5120K, used 512K [0x00000000d5580000, 0x00000000d5c80000, 0x0000000100000000)
  eden space 4608K, 0% used [0x00000000d5580000,0x00000000d5580000,0x00000000d5a00000)
  from space 512K, 100% used [0x00000000d5a00000,0x00000000d5a80000,0x00000000d5a80000)
  to   space 1024K, 0% used [0x00000000d5b80000,0x00000000d5b80000,0x00000000d5c80000)
 ParOldGen       total 253952K, used 228593K [0x0000000080000000, 0x000000008f800000, 0x00000000d5580000)
  object space 253952K, 90% used [0x0000000080000000,0x000000008df3c5d0,0x000000008f800000)
 Metaspace       used 80808K, committed 82432K, reserved 1179648K
  class space    used 8290K, committed 9024K, reserved 1048576K
}
Event: 198348.394 GC heap before
{Heap before GC invocations=554 (full 4):
 PSYoungGen      total 5120K, used 5120K [0x00000000d5580000, 0x00000000d5c80000, 0x0000000100000000)
  eden space 4608K, 100% used [0x00000000d5580000,0x00000000d5a00000,0x00000000d5a00000)
  from space 512K, 100% used [0x00000000d5a00000,0x00000000d5a80000,0x00000000d5a80000)
  to   space 1024K, 0% used [0x00000000d5b80000,0x00000000d5b80000,0x00000000d5c80000)
 ParOldGen       total 253952K, used 228593K [0x0000000080000000, 0x000000008f800000, 0x00000000d5580000)
  object space 253952K, 90% used [0x0000000080000000,0x000000008df3c5d0,0x000000008f800000)
 Metaspace       used 80821K, committed 82432K, reserved 1179648K
  class space    used 8290K, committed 9024K, reserved 1048576K
}
Event: 198348.399 GC heap after
{Heap after GC invocations=554 (full 4):
 PSYoungGen      total 5120K, used 997K [0x00000000d5580000, 0x00000000d5e00000, 0x0000000100000000)
  eden space 4096K, 0% used [0x00000000d5580000,0x00000000d5580000,0x00000000d5980000)
  from space 1024K, 97% used [0x00000000d5b80000,0x00000000d5c794c0,0x00000000d5c80000)
  to   space 2048K, 0% used [0x00000000d5980000,0x00000000d5980000,0x00000000d5b80000)
 ParOldGen       total 253952K, used 229289K [0x0000000080000000, 0x000000008f800000, 0x00000000d5580000)
  object space 253952K, 90% used [0x0000000080000000,0x000000008dfea610,0x000000008f800000)
 Metaspace       used 80821K, committed 82432K, reserved 1179648K
  class space    used 8290K, committed 9024K, reserved 1048576K
}
Event: 198348.481 GC heap before
{Heap before GC invocations=555 (full 4):
 PSYoungGen      total 5120K, used 5093K [0x00000000d5580000, 0x00000000d5e00000, 0x0000000100000000)
  eden space 4096K, 100% used [0x00000000d5580000,0x00000000d5980000,0x00000000d5980000)
  from space 1024K, 97% used [0x00000000d5b80000,0x00000000d5c794c0,0x00000000d5c80000)
  to   space 2048K, 0% used [0x00000000d5980000,0x00000000d5980000,0x00000000d5b80000)
 ParOldGen       total 253952K, used 229289K [0x0000000080000000, 0x000000008f800000, 0x00000000d5580000)
  object space 253952K, 90% used [0x0000000080000000,0x000000008dfea610,0x000000008f800000)
 Metaspace       used 80821K, committed 82432K, reserved 1179648K
  class space    used 8290K, committed 9024K, reserved 1048576K
}
Event: 198348.498 GC heap after
{Heap after GC invocations=555 (full 4):
 PSYoungGen      total 6144K, used 2048K [0x00000000d5580000, 0x00000000d6580000, 0x0000000100000000)
  eden space 4096K, 0% used [0x00000000d5580000,0x00000000d5580000,0x00000000d5980000)
  from space 2048K, 100% used [0x00000000d5980000,0x00000000d5b80000,0x00000000d5b80000)
  to   space 6144K, 0% used [0x00000000d5f80000,0x00000000d5f80000,0x00000000d6580000)
 ParOldGen       total 253952K, used 232382K [0x0000000080000000, 0x000000008f800000, 0x00000000d5580000)
  object space 253952K, 91% used [0x0000000080000000,0x000000008e2efad0,0x000000008f800000)
 Metaspace       used 80821K, committed 82432K, reserved 1179648K
  class space    used 8290K, committed 9024K, reserved 1048576K
}
Event: 198348.527 GC heap before
{Heap before GC invocations=556 (full 4):
 PSYoungGen      total 6144K, used 6144K [0x00000000d5580000, 0x00000000d6580000, 0x0000000100000000)
  eden space 4096K, 100% used [0x00000000d5580000,0x00000000d5980000,0x00000000d5980000)
  from space 2048K, 100% used [0x00000000d5980000,0x00000000d5b80000,0x00000000d5b80000)
  to   space 6144K, 0% used [0x00000000d5f80000,0x00000000d5f80000,0x00000000d6580000)
 ParOldGen       total 253952K, used 232382K [0x0000000080000000, 0x000000008f800000, 0x00000000d5580000)
  object space 253952K, 91% used [0x0000000080000000,0x000000008e2efad0,0x000000008f800000)
 Metaspace       used 80821K, committed 82432K, reserved 1179648K
  class space    used 8290K, committed 9024K, reserved 1048576K
}
Event: 198348.541 GC heap after
{Heap after GC invocations=556 (full 4):
 PSYoungGen      total 7168K, used 1908K [0x00000000d5580000, 0x00000000d6180000, 0x0000000100000000)
  eden space 5120K, 0% used [0x00000000d5580000,0x00000000d5580000,0x00000000d5a80000)
  from space 2048K, 93% used [0x00000000d5f80000,0x00000000d615d200,0x00000000d6180000)
  to   space 3072K, 0% used [0x00000000d5b80000,0x00000000d5b80000,0x00000000d5e80000)
 ParOldGen       total 253952K, used 234494K [0x0000000080000000, 0x000000008f800000, 0x00000000d5580000)
  object space 253952K, 92% used [0x0000000080000000,0x000000008e4ffad0,0x000000008f800000)
 Metaspace       used 80821K, committed 82432K, reserved 1179648K
  class space    used 8290K, committed 9024K, reserved 1048576K
}
Event: 198348.640 GC heap before
{Heap before GC invocations=557 (full 4):
 PSYoungGen      total 7168K, used 7028K [0x00000000d5580000, 0x00000000d6180000, 0x0000000100000000)
  eden space 5120K, 100% used [0x00000000d5580000,0x00000000d5a80000,0x00000000d5a80000)
  from space 2048K, 93% used [0x00000000d5f80000,0x00000000d615d200,0x00000000d6180000)
  to   space 3072K, 0% used [0x00000000d5b80000,0x00000000d5b80000,0x00000000d5e80000)
 ParOldGen       total 253952K, used 234494K [0x0000000080000000, 0x000000008f800000, 0x00000000d5580000)
  object space 253952K, 92% used [0x0000000080000000,0x000000008e4ffad0,0x000000008f800000)
 Metaspace       used 80821K, committed 82432K, reserved 1179648K
  class space    used 8290K, committed 9024K, reserved 1048576K
}
Event: 198348.651 GC heap after
{Heap after GC invocations=557 (full 4):
 PSYoungGen      total 8192K, used 864K [0x00000000d5580000, 0x00000000d6000000, 0x0000000100000000)
  eden space 5120K, 0% used [0x00000000d5580000,0x00000000d5580000,0x00000000d5a80000)
  from space 3072K, 28% used [0x00000000d5b80000,0x00000000d5c58000,0x00000000d5e80000)
  to   space 1536K, 0% used [0x00000000d5e80000,0x00000000d5e80000,0x00000000d6000000)
 ParOldGen       total 253952K, used 236287K [0x0000000080000000, 0x000000008f800000, 0x00000000d5580000)
  object space 253952K, 93% used [0x0000000080000000,0x000000008e6bff80,0x000000008f800000)
 Metaspace       used 80821K, committed 82432K, reserved 1179648K
  class space    used 8290K, committed 9024K, reserved 1048576K
}
Event: 198348.704 GC heap before
{Heap before GC invocations=558 (full 4):
 PSYoungGen      total 8192K, used 5984K [0x00000000d5580000, 0x00000000d6000000, 0x0000000100000000)
  eden space 5120K, 100% used [0x00000000d5580000,0x00000000d5a80000,0x00000000d5a80000)
  from space 3072K, 28% used [0x00000000d5b80000,0x00000000d5c58000,0x00000000d5e80000)
  to   space 1536K, 0% used [0x00000000d5e80000,0x00000000d5e80000,0x00000000d6000000)
 ParOldGen       total 253952K, used 236287K [0x0000000080000000, 0x000000008f800000, 0x00000000d5580000)
  object space 253952K, 93% used [0x0000000080000000,0x000000008e6bff80,0x000000008f800000)
 Metaspace       used 80835K, committed 82432K, reserved 1179648K
  class space    used 8290K, committed 9024K, reserved 1048576K
}
Event: 198348.711 GC heap after
{Heap after GC invocations=558 (full 4):
 PSYoungGen      total 5632K, used 512K [0x00000000d5580000, 0x00000000d5f00000, 0x0000000100000000)
  eden space 5120K, 0% used [0x00000000d5580000,0x00000000d5580000,0x00000000d5a80000)
  from space 512K, 100% used [0x00000000d5e80000,0x00000000d5f00000,0x00000000d5f00000)
  to   space 1024K, 0% used [0x00000000d5d00000,0x00000000d5d00000,0x00000000d5e00000)
 ParOldGen       total 253952K, used 237041K [0x0000000080000000, 0x000000008f800000, 0x00000000d5580000)
  object space 253952K, 93% used [0x0000000080000000,0x000000008e77c4f8,0x000000008f800000)
 Metaspace       used 80835K, committed 82432K, reserved 1179648K
  class space    used 8290K, committed 9024K, reserved 1048576K
}

